2020-04-14T01:27:06+00:00 DEBUG 
====Stripe Version: 4.3.3====
====Start Log====
Keys are not set correctly.
====End Log====


2020-04-14T01:28:11+00:00 DEBUG 
====Stripe Version: 4.3.3====
====Start Log====
Keys are not set correctly.
====End Log====


2020-04-14T01:28:13+00:00 DEBUG 
====Stripe Version: 4.3.3====
====Start Log====
Keys are not set correctly.
====End Log====


2020-04-14T02:21:42+00:00 DEBUG 
====Stripe Version: 4.3.3====
====Start Log====
Keys are not set correctly.
====End Log====


